<?xml version="1.0" encoding="UTF-8"?>
<!-- Generated by org.testng.reporters.JUnitReportReporter -->
<testsuite hostname="LIN41005031" failures="0" tests="1" name="testrunner.ProdectDetails_TestRunner2" time="0.602" errors="1" timestamp="2023-06-05T23:09:40 IST" skipped="0">
  <testcase classname="testrunner.ProdectDetails_TestRunner2" name="setUpClass" time="0.602">
    <error message="Failed to parse resource at: file:///C:/Users/nishanag/eclipse-workspace/01_magicbricks_ProductDetails_Bharathi_02/01_magicbricks_ProductDetails_Bharathi/src/test/resources/Features/productdetails2.feature
(31:1): expected: #EOF, #Language, #TagLine, #FeatureLine, #Comment, #Empty, got &#039;Scenario: Field validation on ProductDetails page(validate button)&#039;
(32:4): expected: #EOF, #Language, #TagLine, #FeatureLine, #Comment, #Empty, got &#039;Given chrome is opened and magicbricks app is opened&#039;
(33:4): expected: #EOF, #Language, #TagLine, #FeatureLine, #Comment, #Empty, got &#039;When User clicks on Search button&#039;
(34:4): expected: #EOF, #Language, #TagLine, #FeatureLine, #Comment, #Empty, got &#039;And User navigates to ProductList page&#039;
(35:4): expected: #EOF, #Language, #TagLine, #FeatureLine, #Comment, #Empty, got &#039;When User clicks on any product&#039;
(36:4): expected: #EOF, #Language, #TagLine, #FeatureLine, #Comment, #Empty, got &#039;Then User navigates to ProductDetails page&#039;
(37:4): expected: #EOF, #Language, #TagLine, #FeatureLine, #Comment, #Empty, got &#039;Then User is able to click on Download brochure button&#039;
(38:4): expected: #EOF, #Language, #TagLine, #FeatureLine, #Comment, #Empty, got &#039;Then User will enter the details&#039;" type="io.cucumber.core.gherkin.FeatureParserException">
      <![CDATA[io.cucumber.core.gherkin.FeatureParserException: Failed to parse resource at: file:///C:/Users/nishanag/eclipse-workspace/01_magicbricks_ProductDetails_Bharathi_02/01_magicbricks_ProductDetails_Bharathi/src/test/resources/Features/productdetails2.feature
(31:1): expected: #EOF, #Language, #TagLine, #FeatureLine, #Comment, #Empty, got 'Scenario: Field validation on ProductDetails page(validate button)'
(32:4): expected: #EOF, #Language, #TagLine, #FeatureLine, #Comment, #Empty, got 'Given chrome is opened and magicbricks app is opened'
(33:4): expected: #EOF, #Language, #TagLine, #FeatureLine, #Comment, #Empty, got 'When User clicks on Search button'
(34:4): expected: #EOF, #Language, #TagLine, #FeatureLine, #Comment, #Empty, got 'And User navigates to ProductList page'
(35:4): expected: #EOF, #Language, #TagLine, #FeatureLine, #Comment, #Empty, got 'When User clicks on any product'
(36:4): expected: #EOF, #Language, #TagLine, #FeatureLine, #Comment, #Empty, got 'Then User navigates to ProductDetails page'
(37:4): expected: #EOF, #Language, #TagLine, #FeatureLine, #Comment, #Empty, got 'Then User is able to click on Download brochure button'
(38:4): expected: #EOF, #Language, #TagLine, #FeatureLine, #Comment, #Empty, got 'Then User will enter the details'
at io.cucumber.core.gherkin.messages.GherkinMessagesFeatureParser.parse(GherkinMessagesFeatureParser.java:56)
at io.cucumber.core.feature.FeatureParser.parseResource(FeatureParser.java:46)
at java.base/java.util.function.BiFunction.lambda$andThen$0(BiFunction.java:70)
at io.cucumber.core.resource.ResourceScanner.lambda$processResource$1(ResourceScanner.java:79)
at io.cucumber.core.resource.PathScanner$ResourceFileVisitor.visitFile(PathScanner.java:75)
at io.cucumber.core.resource.PathScanner$ResourceFileVisitor.visitFile(PathScanner.java:60)
at java.base/java.nio.file.Files.walkFileTree(Files.java:2811)
at io.cucumber.core.resource.PathScanner.findResourcesForPath(PathScanner.java:53)
at io.cucumber.core.resource.PathScanner.findResourcesForUri(PathScanner.java:31)
at io.cucumber.core.resource.ResourceScanner.findResourcesForUri(ResourceScanner.java:61)
at io.cucumber.core.resource.ResourceScanner.scanForResourcesUri(ResourceScanner.java:134)
at io.cucumber.core.runtime.FeaturePathFeatureSupplier.loadFeatures(FeaturePathFeatureSupplier.java:62)
at io.cucumber.core.runtime.FeaturePathFeatureSupplier.get(FeaturePathFeatureSupplier.java:45)
at io.cucumber.testng.TestNGCucumberRunner.<init>(TestNGCucumberRunner.java:122)
at io.cucumber.testng.AbstractTestNGCucumberTests.setUpClass(AbstractTestNGCucumberTests.java:27)
at java.base/jdk.internal.reflect.NativeMethodAccessorImpl.invoke0(Native Method)
at java.base/jdk.internal.reflect.NativeMethodAccessorImpl.invoke(NativeMethodAccessorImpl.java:77)
at java.base/jdk.internal.reflect.DelegatingMethodAccessorImpl.invoke(DelegatingMethodAccessorImpl.java:43)
at java.base/java.lang.reflect.Method.invoke(Method.java:568)
at org.testng.internal.invokers.MethodInvocationHelper.invokeMethod(MethodInvocationHelper.java:139)
at org.testng.internal.invokers.MethodInvocationHelper.invokeMethodConsideringTimeout(MethodInvocationHelper.java:69)
at org.testng.internal.invokers.ConfigInvoker.invokeConfigurationMethod(ConfigInvoker.java:361)
at org.testng.internal.invokers.ConfigInvoker.invokeConfigurations(ConfigInvoker.java:296)
at org.testng.internal.invokers.TestMethodWorker.invokeBeforeClassMethods(TestMethodWorker.java:180)
at org.testng.internal.invokers.TestMethodWorker.run(TestMethodWorker.java:122)
at java.base/java.util.ArrayList.forEach(ArrayList.java:1511)
at org.testng.TestRunner.privateRun(TestRunner.java:829)
at org.testng.TestRunner.run(TestRunner.java:602)
at org.testng.SuiteRunner.runTest(SuiteRunner.java:437)
at org.testng.SuiteRunner.runSequentially(SuiteRunner.java:431)
at org.testng.SuiteRunner.privateRun(SuiteRunner.java:391)
at org.testng.SuiteRunner.run(SuiteRunner.java:330)
at org.testng.SuiteRunnerWorker.runSuite(SuiteRunnerWorker.java:52)
at org.testng.SuiteRunnerWorker.run(SuiteRunnerWorker.java:95)
at org.testng.TestNG.runSuitesSequentially(TestNG.java:1256)
at org.testng.TestNG.runSuitesLocally(TestNG.java:1176)
at org.testng.TestNG.runSuites(TestNG.java:1099)
at org.testng.TestNG.run(TestNG.java:1067)
at org.testng.remote.AbstractRemoteTestNG.run(AbstractRemoteTestNG.java:115)
at org.testng.remote.RemoteTestNG.initAndRun(RemoteTestNG.java:251)
at org.testng.remote.RemoteTestNG.main(RemoteTestNG.java:77)
]]>
    </error>
  </testcase> <!-- setUpClass -->
  <system-out/>
</testsuite> <!-- testrunner.ProdectDetails_TestRunner2 -->
